Vivado Simulator 2015.2
Copyright 1986-1999, 2001-2015 Xilinx, Inc. All Rights Reserved.
Running: C:/Xilinx/Vivado/2015.2/bin/unwrapped/win64.o/xelab.exe -wto 03186fdc5b854e6fa072d13cd93ba804 --debug typical --relax --mt 2 -L xil_defaultlib -L unisims_ver -L unimacro_ver -L secureip --snapshot test_mp2_behav xil_defaultlib.test_mp2 xil_defaultlib.glbl -log elaborate.log 
Using 2 slave threads.
Starting static elaboration
Completed static elaboration
Starting simulation data flow analysis
WARNING: [XSIM 43-4100] "C:/Users/Kyle/Documents/Zynq/spi_fpga/spi_fpga.sim/sim_1/behav/glbl.v" Line 6. Module glbl has a timescale but at least one module in design doesn't have timescale.
WARNING: [XSIM 43-4100] "C:/Users/Kyle/Documents/Zynq/spi_fpga/spi_fpga.sim/sim_1/behav/glbl.v" Line 6. Module glbl has a timescale but at least one module in design doesn't have timescale.
Completed simulation data flow analysis
Time Resolution for simulation is 1ps
Compiling module xil_defaultlib.StateMachine
Compiling module xil_defaultlib.inputconditioner
Compiling module xil_defaultlib.addresslatch
Compiling module xil_defaultlib.DataMemory_default
Compiling module xil_defaultlib.d_flipflop
Compiling module xil_defaultlib.buffer
Compiling module xil_defaultlib.ShiftRegister
Compiling module xil_defaultlib.spiMemory
Compiling module xil_defaultlib.mp2
Compiling module xil_defaultlib.test_mp2
Compiling module xil_defaultlib.glbl
Waiting for 2 sub-compilation(s) to finish...
Built simulation snapshot test_mp2_behav
