#-----------------------------------------------------------
# Webtalk v2015.2 (64-bit)
# SW Build 1266856 on Fri Jun 26 16:35:25 MDT 2015
# 
# Start of session at: Mon Oct 12 16:21:53 2015
# Process ID: 5476
# Log file: C:/Users/Kyle/Documents/Zynq/spi_fpga/spi_fpga.sdk/webtalk/webtalk.log
# Journal file: C:/Users/Kyle/Documents/Zynq/spi_fpga/spi_fpga.sdk/webtalk\webtalk.jou
#-----------------------------------------------------------
source sdk_webtalk.tcl
# webtalk_init -webtalk_dir C:\\Users\\Kyle\\Documents\\Zynq\\spi_fpga\\spi_fpga.sdk\\webtalk
# webtalk_register_client -client project
# webtalk_add_data -client project -key date_generated -value "Mon Oct 12 16:21:52 2015" -context "software_version_and_target_device"
# webtalk_add_data -client project -key product_version -value "SDK v2015.2" -context "software_version_and_target_device"
# webtalk_add_data -client project -key build_version -value "2015.2" -context "software_version_and_target_device"
# webtalk_add_data -client project -key os_platform -value "amd64" -context "software_version_and_target_device"
# webtalk_add_data -client project -key registration_id -value "" -context "software_version_and_target_device"
# webtalk_add_data -client project -key tool_flow -value "SDK" -context "software_version_and_target_device"
# webtalk_add_data -client project -key beta -value "false" -context "software_version_and_target_device"
# webtalk_add_data -client project -key route_design -value "NA" -context "software_version_and_target_device"
# webtalk_add_data -client project -key target_family -value "NA" -context "software_version_and_target_device"
# webtalk_add_data -client project -key target_device -value "NA" -context "software_version_and_target_device"
# webtalk_add_data -client project -key target_package -value "NA" -context "software_version_and_target_device"
# webtalk_add_data -client project -key target_speed -value "NA" -context "software_version_and_target_device"
# webtalk_add_data -client project -key random_id -value "hn9aqa896b9fg0l5mlgmjuedjp" -context "software_version_and_target_device"
# webtalk_add_data -client project -key project_id -value "2015.2_12" -context "software_version_and_target_device"
# webtalk_add_data -client project -key project_iteration -value "12" -context "software_version_and_target_device"
# webtalk_add_data -client project -key os_name -value "" -context "user_environment"
# webtalk_add_data -client project -key os_release -value "" -context "user_environment"
# webtalk_add_data -client project -key cpu_name -value "" -context "user_environment"
# webtalk_add_data -client project -key cpu_speed -value "" -context "user_environment"
# webtalk_add_data -client project -key total_processors -value "" -context "user_environment"
# webtalk_add_data -client project -key system_ram -value "" -context "user_environment"
# webtalk_register_client -client sdk
# webtalk_add_data -client sdk -key uid -value "1444677883048" -context "sdk\\\\hardware/1444677883048"
# webtalk_add_data -client sdk -key isZynq -value "true" -context "sdk\\\\hardware/1444677883048"
# webtalk_add_data -client sdk -key Processors -value "2" -context "sdk\\\\hardware/1444677883048"
# webtalk_add_data -client sdk -key VivadoVersion -value "2015.2.1" -context "sdk\\\\hardware/1444677883048"
# webtalk_add_data -client sdk -key Arch -value "zynq" -context "sdk\\\\hardware/1444677883048"
# webtalk_add_data -client sdk -key Device -value "7z010" -context "sdk\\\\hardware/1444677883048"
# webtalk_add_data -client sdk -key IsHandoff -value "true" -context "sdk\\\\hardware/1444677883048"
# webtalk_add_data -client sdk -key uid -value "1444677912670" -context "sdk\\\\bsp/1444677912670"
# webtalk_add_data -client sdk -key hwid -value "1444677883048" -context "sdk\\\\bsp/1444677912670"
# webtalk_add_data -client sdk -key os -value "standalone" -context "sdk\\\\bsp/1444677912670"
# webtalk_add_data -client sdk -key apptemplate -value "hello_world" -context "sdk\\\\bsp/1444677912670"
# webtalk_add_data -client sdk -key uid -value "1444677920725" -context "sdk\\\\application/1444677920725"
# webtalk_add_data -client sdk -key hwid -value "1444677883048" -context "sdk\\\\application/1444677920725"
# webtalk_add_data -client sdk -key bspid -value "1444677912670" -context "sdk\\\\application/1444677920725"
# webtalk_add_data -client sdk -key newbsp -value "true" -context "sdk\\\\application/1444677920725"
# webtalk_add_data -client sdk -key os -value "standalone" -context "sdk\\\\application/1444677920725"
# webtalk_add_data -client sdk -key apptemplate -value "hello_world" -context "sdk\\\\application/1444677920725"
# webtalk_transmit -clientid 2422174932 -regid "" -xml C:\\Users\\Kyle\\Documents\\Zynq\\spi_fpga\\spi_fpga.sdk\\webtalk\\usage_statistics_ext_sdk.xml -html C:\\Users\\Kyle\\Documents\\Zynq\\spi_fpga\\spi_fpga.sdk\\webtalk\\usage_statistics_ext_sdk.html -wdm C:\\Users\\Kyle\\Documents\\Zynq\\spi_fpga\\spi_fpga.sdk\\webtalk\\sdk_webtalk.wdm -intro "<H3>SDK Usage Report</H3><BR>"
